<?xml version="1.0" encoding="UTF-8"?>
<!-- Generated by org.testng.reporters.JUnitXMLReporter -->
<testsuite hostname="muhammads-mbp" ignored="0" name="Test" tests="6" failures="0" timestamp="01 Feb 2023 19:38:03 GMT" time="16.313" errors="0">
  <testcase name="dashboardAPI" time="2.486" classname="qaautomation.december2022.apitest.APITestAfterRefactor"/>
  <testcase name="dashboardAPIUsingSchemaInCode" time="1.361" classname="qaautomation.december2022.apitest.APITestAfterRefactor"/>
  <testcase name="userAPI" time="1.437" classname="qaautomation.december2022.apitest.APITestAfterRefactor"/>
  <testcase name="loginAPI" time="1.438" classname="qaautomation.december2022.apitest.APITest"/>
  <testcase name="userAPI" time="1.192" classname="qaautomation.december2022.apitest.APITest"/>
  <testcase name="buildCardsAPI" time="1.245" classname="qaautomation.december2022.apitest.APITest"/>
</testsuite> <!-- Test -->
