<?xml version="1.0" encoding="UTF-8"?>
<testsuite xmlns:xsi="http://www.w3.org/2001/XMLSchema-instance" xsi:schemaLocation="https://maven.apache.org/surefire/maven-surefire-plugin/xsd/surefire-test-report.xsd" name="TestSuite" time="18.472" tests="6" errors="0" skipped="0" failures="0">
  <properties>
[...]
</properties>
  <testcase name="dashboardAPI" classname="qaautomation.december2022.apitest.APITestAfterRefactor" time="2.486"/>
  <testcase name="dashboardAPIUsingSchemaInCode" classname="qaautomation.december2022.apitest.APITestAfterRefactor" time="1.362"/>
  <testcase name="userAPI" classname="qaautomation.december2022.apitest.APITestAfterRefactor" time="1.44"/>
  <testcase name="loginAPI" classname="qaautomation.december2022.apitest.APITest" time="1.439"/>
  <testcase name="userAPI" classname="qaautomation.december2022.apitest.APITest" time="1.194"/>
  <testcase name="buildCardsAPI" classname="qaautomation.december2022.apitest.APITest" time="1.246"/>
</testsuite>